{"C:\\Users\\Work\\Documents\\projects\\stopwatch-react\\src\\utility.ts": {"path":"C:\\Users\\Work\\Documents\\projects\\stopwatch-react\\src\\utility.ts","statementMap":{"0":{"start":{"line":1,"column":26},"end":{"line":7,"column":1}},"1":{"start":{"line":2,"column":14},"end":{"line":2,"column":42}},"2":{"start":{"line":3,"column":17},"end":{"line":3,"column":43}},"3":{"start":{"line":4,"column":17},"end":{"line":4,"column":43}},"4":{"start":{"line":5,"column":22},"end":{"line":5,"column":70}},"5":{"start":{"line":6,"column":1},"end":{"line":6,"column":52}},"6":{"start":{"line":9,"column":16},"end":{"line":11,"column":1}},"7":{"start":{"line":10,"column":1},"end":{"line":10,"column":40}}},"fnMap":{"0":{"name":"(anonymous_0)","decl":{"start":{"line":1,"column":26},"end":{"line":1,"column":27}},"loc":{"start":{"line":1,"column":58},"end":{"line":7,"column":1}},"line":1},"1":{"name":"(anonymous_1)","decl":{"start":{"line":9,"column":16},"end":{"line":9,"column":17}},"loc":{"start":{"line":9,"column":34},"end":{"line":11,"column":1}},"line":9}},"branchMap":{},"s":{"0":1,"1":1,"2":1,"3":1,"4":1,"5":1,"6":1,"7":3},"f":{"0":1,"1":3},"b":{},"_coverageSchema":"1a1c01bbd47fc00a2c39e90264f33305004495a9","hash":"1ec7feeac6ec3c13768d041890451d1c3fb1d449"}
,"C:\\Users\\Work\\Documents\\projects\\stopwatch-react\\src\\components\\MainTimer\\MainTimer.tsx": {"path":"C:\\Users\\Work\\Documents\\projects\\stopwatch-react\\src\\components\\MainTimer\\MainTimer.tsx","statementMap":{"0":{"start":{"line":4,"column":18},"end":{"line":10,"column":1}},"1":{"start":{"line":5,"column":1},"end":{"line":9,"column":2}}},"fnMap":{"0":{"name":"(anonymous_0)","decl":{"start":{"line":4,"column":18},"end":{"line":4,"column":19}},"loc":{"start":{"line":4,"column":64},"end":{"line":10,"column":1}},"line":4}},"branchMap":{},"s":{"0":1,"1":1},"f":{"0":1},"b":{},"_coverageSchema":"1a1c01bbd47fc00a2c39e90264f33305004495a9","hash":"c738813fd024b6df132a11cd3ef53fb2c6c23234"}
,"C:\\Users\\Work\\Documents\\projects\\stopwatch-react\\src\\components\\MainTimer\\index.ts": {"path":"C:\\Users\\Work\\Documents\\projects\\stopwatch-react\\src\\components\\MainTimer\\index.ts","statementMap":{},"fnMap":{},"branchMap":{},"s":{},"f":{},"b":{},"_coverageSchema":"1a1c01bbd47fc00a2c39e90264f33305004495a9","hash":"b36b53a6aeb458dd2479930ee0bed833504c8090"}
}
